# JRE version: OpenJDK Runtime Environment Corretto-11.0.19.7.1 (11.0.19+7) (build 11.0.19+7-LTS)
# Java VM: OpenJDK 64-Bit Server VM Corretto-11.0.19.7.1 (11.0.19+7-LTS, mixed mode, tiered, compressed oops, g1 gc, windows-amd64)
Heap:
 garbage-first heap   total 120832K, used 21463K [0x00000000a0000000, 0x0000000100000000)
  region size 1024K, 7 young (7168K), 2 survivors (2048K)
 Metaspace       used 21389K, capacity 21923K, committed 22268K, reserved 1069056K
  class space    used 2621K, capacity 2830K, committed 2944K, reserved 1048576K
GC Heap History (8 events):
Event: 6.088 GC heap before
{Heap before GC invocations=0 (full 0):
 garbage-first heap   total 120832K, used 30720K [0x00000000a0000000, 0x0000000100000000)
  region size 1024K, 24 young (24576K), 0 survivors (0K)
 Metaspace       used 9799K, capacity 10014K, committed 10112K, reserved 1058816K
  class space    used 993K, capacity 1068K, committed 1152K, reserved 1048576K
}
Event: 6.098 GC heap after
{Heap after GC invocations=1 (full 0):
 garbage-first heap   total 120832K, used 9352K [0x00000000a0000000, 0x0000000100000000)
  region size 1024K, 3 young (3072K), 3 survivors (3072K)
 Metaspace       used 9799K, capacity 10014K, committed 10112K, reserved 1058816K
  class space    used 993K, capacity 1068K, committed 1152K, reserved 1048576K
}
Event: 11.139 GC heap before
{Heap before GC invocations=1 (full 0):
 garbage-first heap   total 120832K, used 78984K [0x00000000a0000000, 0x0000000100000000)
  region size 1024K, 70 young (71680K), 3 survivors (3072K)
 Metaspace       used 17530K, capacity 17834K, committed 18048K, reserved 1064960K
  class space    used 2018K, capacity 2143K, committed 2176K, reserved 1048576K
}
Event: 11.285 GC heap after
{Heap after GC invocations=2 (full 0):
 garbage-first heap   total 120832K, used 16264K [0x00000000a0000000, 0x0000000100000000)
  region size 1024K, 9 young (9216K), 9 survivors (9216K)
 Metaspace       used 17530K, capacity 17834K, committed 18048K, reserved 1064960K
  class space    used 2018K, capacity 2143K, committed 2176K, reserved 1048576K
}
Event: 11.623 GC heap before
{Heap before GC invocations=2 (full 0):
 garbage-first heap   total 120832K, used 26504K [0x00000000a0000000, 0x0000000100000000)
  region size 1024K, 19 young (19456K), 9 survivors (9216K)
 Metaspace       used 18562K, capacity 18917K, committed 19072K, reserved 1067008K
  class space    used 2178K, capacity 2314K, committed 2432K, reserved 1048576K
}
Event: 11.633 GC heap after
{Heap after GC invocations=3 (full 0):
 garbage-first heap   total 120832K, used 17020K [0x00000000a0000000, 0x0000000100000000)
  region size 1024K, 1 young (1024K), 1 survivors (1024K)
 Metaspace       used 18562K, capacity 18917K, committed 19072K, reserved 1067008K
  class space    used 2178K, capacity 2314K, committed 2432K, reserved 1048576K
}
Event: 12.015 GC heap before
{Heap before GC invocations=3 (full 0):
 garbage-first heap   total 120832K, used 38524K [0x00000000a0000000, 0x0000000100000000)
  region size 1024K, 23 young (23552K), 1 survivors (1024K)
 Metaspace       used 20841K, capacity 21246K, committed 21296K, reserved 1069056K
  class space    used 2524K, capacity 2687K, committed 2688K, reserved 1048576K
}
Event: 12.019 GC heap after
{Heap after GC invocations=4 (full 0):
 garbage-first heap   total 120832K, used 17367K [0x00000000a0000000, 0x0000000100000000)
  region size 1024K, 2 young (2048K), 2 survivors (2048K)
 Metaspace       used 20841K, capacity 21246K, committed 21296K, reserved 1069056K
  class space    used 2524K, capacity 2687K, committed 2688K, reserved 1048576K
}

